This is pdfeTeX, Version 3.141592-1.21a-2.2 (Web2C 7.5.4) (format=pdflatex 2008.7.4)  12 JUL 2008 11:07
entering extended mode
**fdiary
(./fdiary.tex
LaTeX2e <2003/12/01>
Babel <v3.8d> and hyphenation patterns for american, french, german, ngerman, b
ahasa, basque, bulgarian, catalan, croatian, czech, danish, dutch, esperanto, e
stonian, finnish, greek, icelandic, irish, italian, latin, magyar, norsk, polis
h, portuges, romanian, russian, serbian, slovak, slovene, spanish, swedish, tur
kish, ukrainian, nohyphenation, loaded.
(/usr/share/texmf-tetex/tex/latex/base/article.cls
Document Class: article 2004/02/16 v1.4f Standard LaTeX document class
(/usr/share/texmf-tetex/tex/latex/base/size12.clo
File: size12.clo 2004/02/16 v1.4f Standard LaTeX file (size option)
)
\c@part=\count79
\c@section=\count80
\c@subsection=\count81
\c@subsubsection=\count82
\c@paragraph=\count83
\c@subparagraph=\count84
\c@figure=\count85
\c@table=\count86
\abovecaptionskip=\skip41
\belowcaptionskip=\skip42
\bibindent=\dimen102
)
(/usr/share/texmf-tetex/tex/latex/psnfss/mathptmx.sty
Package: mathptmx 2004/09/15 PSNFSS-v9.2 Times w/ Math, improved (SPQR, WaS) 
LaTeX Font Info:    Redeclaring symbol font `operators' on input line 28.
LaTeX Font Info:    Overwriting symbol font `operators' in version `normal'
(Font)                  OT1/cmr/m/n --> OT1/ztmcm/m/n on input line 28.
LaTeX Font Info:    Overwriting symbol font `operators' in version `bold'
(Font)                  OT1/cmr/bx/n --> OT1/ztmcm/m/n on input line 28.
LaTeX Font Info:    Redeclaring symbol font `letters' on input line 29.
LaTeX Font Info:    Overwriting symbol font `letters' in version `normal'
(Font)                  OML/cmm/m/it --> OML/ztmcm/m/it on input line 29.
LaTeX Font Info:    Overwriting symbol font `letters' in version `bold'
(Font)                  OML/cmm/b/it --> OML/ztmcm/m/it on input line 29.
LaTeX Font Info:    Redeclaring symbol font `symbols' on input line 30.
LaTeX Font Info:    Overwriting symbol font `symbols' in version `normal'
(Font)                  OMS/cmsy/m/n --> OMS/ztmcm/m/n on input line 30.
LaTeX Font Info:    Overwriting symbol font `symbols' in version `bold'
(Font)                  OMS/cmsy/b/n --> OMS/ztmcm/m/n on input line 30.
LaTeX Font Info:    Redeclaring symbol font `largesymbols' on input line 31.
LaTeX Font Info:    Overwriting symbol font `largesymbols' in version `normal'
(Font)                  OMX/cmex/m/n --> OMX/ztmcm/m/n on input line 31.
LaTeX Font Info:    Overwriting symbol font `largesymbols' in version `bold'
(Font)                  OMX/cmex/m/n --> OMX/ztmcm/m/n on input line 31.
\symbold=\mathgroup4
\symitalic=\mathgroup5
LaTeX Font Info:    Redeclaring math alphabet \mathbf on input line 34.
LaTeX Font Info:    Overwriting math alphabet `\mathbf' in version `normal'
(Font)                  OT1/cmr/bx/n --> OT1/ptm/bx/n on input line 34.
LaTeX Font Info:    Overwriting math alphabet `\mathbf' in version `bold'
(Font)                  OT1/cmr/bx/n --> OT1/ptm/bx/n on input line 34.
LaTeX Font Info:    Redeclaring math alphabet \mathit on input line 35.
LaTeX Font Info:    Overwriting math alphabet `\mathit' in version `normal'
(Font)                  OT1/cmr/m/it --> OT1/ptm/m/it on input line 35.
LaTeX Font Info:    Overwriting math alphabet `\mathit' in version `bold'
(Font)                  OT1/cmr/bx/it --> OT1/ptm/m/it on input line 35.
LaTeX Info: Redefining \hbar on input line 50.
)
(/usr/share/texmf-tetex/tex/latex/graphics/graphicx.sty
Package: graphicx 1999/02/16 v1.0f Enhanced LaTeX Graphics (DPC,SPQR)

(/usr/share/texmf-tetex/tex/latex/graphics/keyval.sty
Package: keyval 1999/03/16 v1.13 key=value parser (DPC)
\KV@toks@=\toks14
)
(/usr/share/texmf-tetex/tex/latex/graphics/graphics.sty
Package: graphics 2001/07/07 v1.0n Standard LaTeX Graphics (DPC,SPQR)

(/usr/share/texmf-tetex/tex/latex/graphics/trig.sty
Package: trig 1999/03/16 v1.09 sin cos tan (DPC)
)
(/usr/share/texmf-tetex/tex/latex/graphics/graphics.cfg
File: graphics.cfg 2005/02/03 v1.3 graphics configuration of teTeX/TeXLive
)
Package graphics Info: Driver file: pdftex.def on input line 80.

(/usr/share/texmf-tetex/tex/latex/graphics/pdftex.def
File: pdftex.def 2002/06/19 v0.03k graphics/color for pdftex
\Gread@gobject=\count87
))
\Gin@req@height=\dimen103
\Gin@req@width=\dimen104
)
(/usr/share/texmf-tetex/tex/latex/picinpar/picinpar.sty
Pictures in Paragraphs. Version 1.2a, July 13, 1993
\br=\count88
\bl=\count89
\na=\count90
\nb=\count91
\tcdsav=\count92
\tcl=\count93
\tcd=\count94
\tcn=\count95
\cumtcl=\count96
\cumpartcl=\count97
\lftside=\dimen105
\rtside=\dimen106
\hpic=\dimen107
\vpic=\dimen108
\strutilg=\dimen109
\picwd=\dimen110
\topheight=\dimen111
\ilg=\dimen112
\lpic=\dimen113
\lwindowsep=\dimen114
\rwindowsep=\dimen115
\cumpar=\dimen116
\twa=\toks15
\la=\toks16
\ra=\toks17
\ha=\toks18
\pictoc=\toks19
\rawtext=\box26
\holder=\box27
\windowbox=\box28
\wartext=\box29
\finaltext=\box30
\aslice=\box31
\bslice=\box32
\wbox=\box33
\wstrutbox=\box34
\picbox=\box35
\waslice=\box36
\wbslice=\box37
\fslice=\box38
) (/usr/share/texmf-tetex/tex/latex/hyperref/hyperref.sty
Package: hyperref 2003/11/30 v6.74m Hypertext links for LaTeX
\@linkdim=\dimen117
\Hy@linkcounter=\count98
\Hy@pagecounter=\count99

(/usr/share/texmf-tetex/tex/latex/hyperref/pd1enc.def
File: pd1enc.def 2003/11/30 v6.74m Hyperref: PDFDocEncoding definition (HO)
)
(/usr/share/texmf-tetex/tex/latex/hyperref/hyperref.cfg
File: hyperref.cfg 2002/06/06 v1.2 hyperref configuration of TeXLive and teTeX
)
Package hyperref Info: Option `colorlinks' set `true' on input line 1830.
Package hyperref Info: Hyper figures OFF on input line 1880.
Package hyperref Info: Link nesting OFF on input line 1885.
Package hyperref Info: Hyper index ON on input line 1888.
Package hyperref Info: Plain pages ON on input line 1893.
Package hyperref Info: Backreferencing OFF on input line 1900.

Implicit mode ON; LaTeX internals redefined
Package hyperref Info: Bookmarks ON on input line 2004.
(/usr/share/texmf-tetex/tex/latex/url/url.sty
\Urlmuskip=\muskip10
Package: url 2004/03/15  ver 3.1  Verb mode for urls, etc.
)
LaTeX Info: Redefining \url on input line 2143.
\Fld@menulength=\count100
\Field@Width=\dimen118
\Fld@charsize=\dimen119
\Choice@toks=\toks20
\Field@toks=\toks21
Package hyperref Info: Hyper figures OFF on input line 2618.
Package hyperref Info: Link nesting OFF on input line 2623.
Package hyperref Info: Hyper index ON on input line 2626.
Package hyperref Info: backreferencing OFF on input line 2633.
Package hyperref Info: Link coloring ON on input line 2636.
\c@Item=\count101
\c@Hfootnote=\count102
)
*hyperref using default driver hpdftex*
(/usr/share/texmf-tetex/tex/latex/hyperref/hpdftex.def
File: hpdftex.def 2003/11/30 v6.74m Hyperref driver for pdfTeX

(/usr/share/texmf-tetex/tex/latex/psnfss/pifont.sty
Package: pifont 2004/09/15 PSNFSS-v9.2 Pi font support (SPQR) 
LaTeX Font Info:    Try loading font information for U+pzd on input line 63.

(/usr/share/texmf-tetex/tex/latex/psnfss/upzd.fd
File: upzd.fd 2001/06/04 font definitions for U/pzd.
)
LaTeX Font Info:    Try loading font information for U+psy on input line 64.

(/usr/share/texmf-tetex/tex/latex/psnfss/upsy.fd
File: upsy.fd 2001/06/04 font definitions for U/psy.
))
\Fld@listcount=\count103
\@outlinefile=\write3
) (./fdiary.aux)
\openout1 = `fdiary.aux'.

LaTeX Font Info:    Checking defaults for OML/cmm/m/it on input line 4.
LaTeX Font Info:    ... okay on input line 4.
LaTeX Font Info:    Checking defaults for T1/cmr/m/n on input line 4.
LaTeX Font Info:    ... okay on input line 4.
LaTeX Font Info:    Checking defaults for OT1/cmr/m/n on input line 4.
LaTeX Font Info:    ... okay on input line 4.
LaTeX Font Info:    Checking defaults for OMS/cmsy/m/n on input line 4.
LaTeX Font Info:    ... okay on input line 4.
LaTeX Font Info:    Checking defaults for OMX/cmex/m/n on input line 4.
LaTeX Font Info:    ... okay on input line 4.
LaTeX Font Info:    Checking defaults for U/cmr/m/n on input line 4.
LaTeX Font Info:    ... okay on input line 4.
LaTeX Font Info:    Checking defaults for PD1/pdf/m/n on input line 4.
LaTeX Font Info:    ... okay on input line 4.
LaTeX Font Info:    Try loading font information for OT1+ptm on input line 4.

(/usr/share/texmf-tetex/tex/latex/psnfss/ot1ptm.fd
File: ot1ptm.fd 2001/06/04 font definitions for OT1/ptm.
)
\big@size=\dimen120

(/usr/share/texmf-tetex/tex/context/base/supp-pdf.tex
(/usr/share/texmf-tetex/tex/context/base/supp-mis.tex
loading : Context Support Macros / Miscellaneous (2004.10.26)
\protectiondepth=\count104
\scratchcounter=\count105
\scratchtoks=\toks22
\scratchdimen=\dimen121
\scratchskip=\skip43
\scratchmuskip=\muskip11
\scratchbox=\box39
\scratchread=\read1
\scratchwrite=\write4
\zeropoint=\dimen122
\onepoint=\dimen123
\onebasepoint=\dimen124
\minusone=\count106
\thousandpoint=\dimen125
\onerealpoint=\dimen126
\emptytoks=\toks23
\nextbox=\box40
\nextdepth=\dimen127
\everyline=\toks24
\!!counta=\count107
\!!countb=\count108
\recursecounter=\count109
)
loading : Context Support Macros / PDF (2004.03.26)
\nofMPsegments=\count110
\nofMParguments=\count111
\MPscratchCnt=\count112
\MPscratchDim=\dimen128
\MPnumerator=\count113
\everyMPtoPDFconversion=\toks25
) (/usr/share/texmf-tetex/tex/latex/graphics/color.sty
Package: color 1999/02/16 v1.0i Standard LaTeX Color (DPC)
LaTeX Info: Redefining \color on input line 71.

(/usr/share/texmf-tetex/tex/latex/graphics/color.cfg
File: color.cfg 2005/02/03 v1.3 color configuration of teTeX/TeXLive
)
Package color Info: Driver file: pdftex.def on input line 125.
)
Package hyperref Info: Link coloring ON on input line 4.

(/usr/share/texmf-tetex/tex/latex/hyperref/nameref.sty
Package: nameref 2003/12/03 v2.21 Cross-referencing by name of section
\c@section@level=\count114
)
LaTeX Info: Redefining \ref on input line 4.
LaTeX Info: Redefining \pageref on input line 4.
 (./fdiary.out)
(./fdiary.out)
\openout3 = `fdiary.out'.

LaTeX Font Info:    Try loading font information for OT1+ztmcm on input line 10
.
 (/usr/share/texmf-tetex/tex/latex/psnfss/ot1ztmcm.fd
File: ot1ztmcm.fd 2000/01/03 Fontinst v1.801 font definitions for OT1/ztmcm.
)
LaTeX Font Info:    Try loading font information for OML+ztmcm on input line 10
.

(/usr/share/texmf-tetex/tex/latex/psnfss/omlztmcm.fd
File: omlztmcm.fd 2000/01/03 Fontinst v1.801 font definitions for OML/ztmcm.
)
LaTeX Font Info:    Try loading font information for OMS+ztmcm on input line 10
.

(/usr/share/texmf-tetex/tex/latex/psnfss/omsztmcm.fd
File: omsztmcm.fd 2000/01/03 Fontinst v1.801 font definitions for OMS/ztmcm.
)
LaTeX Font Info:    Try loading font information for OMX+ztmcm on input line 10
.

(/usr/share/texmf-tetex/tex/latex/psnfss/omxztmcm.fd
File: omxztmcm.fd 2000/01/03 Fontinst v1.801 font definitions for OMX/ztmcm.
)
LaTeX Font Info:    Font shape `OT1/ptm/bx/n' in size <14.4> not available
(Font)              Font shape `OT1/ptm/b/n' tried instead on input line 10.
LaTeX Font Info:    Font shape `OT1/ptm/bx/n' in size <10.95> not available
(Font)              Font shape `OT1/ptm/b/n' tried instead on input line 10.
LaTeX Font Info:    Font shape `OT1/ptm/bx/n' in size <8> not available
(Font)              Font shape `OT1/ptm/b/n' tried instead on input line 10.
LaTeX Font Info:    Font shape `OT1/ptm/bx/n' in size <17.28> not available
(Font)              Font shape `OT1/ptm/b/n' tried instead on input line 11.

<forder.jpg, id=51, 141.6492pt x 226.2051pt>
File: forder.jpg Graphic file (type jpg)
 <use forder.jpg> [1

{/var/lib/texmf/fonts/map/pdftex/updmap/pdftex.map} <./forder.jpg>]
LaTeX Font Info:    Font shape `OT1/ptm/bx/n' in size <12> not available
(Font)              Font shape `OT1/ptm/b/n' tried instead on input line 55.
LaTeX Font Info:    Font shape `OT1/ptm/bx/n' in size <9> not available
(Font)              Font shape `OT1/ptm/b/n' tried instead on input line 55.
LaTeX Font Info:    Font shape `OT1/ptm/bx/n' in size <7> not available
(Font)              Font shape `OT1/ptm/b/n' tried instead on input line 55.
 [2]
<bunny.jpg, id=81, 192.72pt x 256.96pt>
File: bunny.jpg Graphic file (type jpg)
 <use bunny.jpg> [3 <./bunny.jpg>]
<gavenhouse.jpg, id=95, 256.96pt x 192.72pt>
File: gavenhouse.jpg Graphic file (type jpg)
 <use gavenhouse.jpg> [4 <./gavenhouse.jpg>] <kauri.jpg, id=100, 192.72pt x 256
.96pt>
File: kauri.jpg Graphic file (type jpg)
 <use kauri.jpg> [5 <./kauri.jpg>] <longbay.jpg, id=105, 192.72pt x 256.96pt>
File: longbay.jpg Graphic file (type jpg)
 <use longbay.jpg> [6 <./longbay.jpg>] <brunch.jpg, id=110, 192.72pt x 256.96pt
>
File: brunch.jpg Graphic file (type jpg)
 <use brunch.jpg> [7 <./brunch.jpg>] <dunedinbg.jpg, id=116, 192.72pt x 256.96p
t>
File: dunedinbg.jpg Graphic file (type jpg)
 <use dunedinbg.jpg>
[8 <./dunedinbg.jpg>] <sealion.jpg, id=123, 256.96pt x 192.72pt>
File: sealion.jpg Graphic file (type jpg)

<use sealion.jpg> <seal.jpg, id=124, 192.72pt x 256.96pt>
File: seal.jpg Graphic file (type jpg)
 <use seal.jpg>
<penguin.jpg, id=125, 225.84375pt x 301.125pt>
File: penguin.jpg Graphic file (type jpg)
 <use penguin.jpg> [9 <./sealion.jpg> <./seal.jpg>] [10 <./penguin.jpg>] [11]
<oamaru.jpg, id=144, 192.72pt x 256.96pt>
File: oamaru.jpg Graphic file (type jpg)
 <use oamaru.jpg> [12 <./oamaru.jpg>]
<oldmaths.jpg, id=149, 256.96pt x 192.72pt>
File: oldmaths.jpg Graphic file (type jpg)
 <use oldmaths.jpg>
<riccarton.jpg, id=150, 192.72pt x 256.96pt>
File: riccarton.jpg Graphic file (type jpg)
 <use riccarton.jpg> [13 <./oldmaths.jpg>] [14 <./riccarton.jpg>] <clouds.jpg, 
id=160, 256.96pt x 192.72pt>
File: clouds.jpg Graphic file (type jpg)

<use clouds.jpg> <alpine.jpg, id=161, 256.96pt x 192.72pt>
File: alpine.jpg Graphic file (type jpg)
 <use alpine.jpg>
<arthurs.jpg, id=162, 256.96pt x 192.72pt>
File: arthurs.jpg Graphic file (type jpg)
 <use arthurs.jpg> [15 <./clouds.jpg> <./alpine.jpg> <./arthurs.jpg>] <greymout
h.jpg, id=169, 192.72pt x 256.96pt>
File: greymouth.jpg Graphic file (type jpg)

<use greymouth.jpg> <waimakariri.jpg, id=170, 256.96pt x 192.72pt>
File: waimakariri.jpg Graphic file (type jpg)

<use waimakariri.jpg> [16 <./greymouth.jpg> <./waimakariri.jpg>]
<coastal.jpg, id=175, 256.96pt x 192.72pt>
File: coastal.jpg Graphic file (type jpg)
 <use coastal.jpg>
<kaikora.jpg, id=176, 192.72pt x 256.96pt>
File: kaikora.jpg Graphic file (type jpg)
 <use kaikora.jpg> [17 <./coastal.jpg> <./kaikora.jpg>] <bobsbay.jpg, id=182, 1
92.72pt x 256.96pt>
File: bobsbay.jpg Graphic file (type jpg)

<use bobsbay.jpg> <aotearoa.jpg, id=183, 256.96pt x 192.72pt>
File: aotearoa.jpg Graphic file (type jpg)

<use aotearoa.jpg> [18 <./bobsbay.jpg> <./aotearoa.jpg>]
<wellington.jpg, id=191, 256.96pt x 192.72pt>
File: wellington.jpg Graphic file (type jpg)
 <use wellington.jpg> [19 <./wellington.jpg>] <toadstool.jpg, id=197, 256.96pt 
x 192.72pt>
File: toadstool.jpg Graphic file (type jpg)
 <use toadstool.jpg>
[20 <./toadstool.jpg>] <palmerston_n.jpg, id=204, 256.96pt x 192.72pt>
File: palmerston_n.jpg Graphic file (type jpg)

<use palmerston_n.jpg> [21] <manawatu.jpg, id=210, 256.96pt x 192.72pt>
File: manawatu.jpg Graphic file (type jpg)

<use manawatu.jpg> <elmcafe.jpg, id=211, 256.96pt x 192.72pt>
File: elmcafe.jpg Graphic file (type jpg)

<use elmcafe.jpg> [22 <./palmerston_n.jpg> <./manawatu.jpg> <./elmcafe.jpg>]
<staffclub.jpg, id=216, 256.96pt x 192.72pt>
File: staffclub.jpg Graphic file (type jpg)
 <use staffclub.jpg> [23 <./staffclub.jpg>] <gorge.jpg, id=221, 256.96pt x 192.
72pt>
File: gorge.jpg Graphic file (type jpg)
 <use gorge.jpg> [24 <./gorge.jpg>] <dakune.jpg, id=226, 256.96pt x 192.72pt>
File: dakune.jpg Graphic file (type jpg)
 <use dakune.jpg> [25]
<npwalk.jpg, id=232, 256.96pt x 192.72pt>
File: npwalk.jpg Graphic file (type jpg)
 <use npwalk.jpg>
<autumn.jpg, id=233, 192.72pt x 256.96pt>
File: autumn.jpg Graphic file (type jpg)
 <use autumn.jpg> [26 <./dakune.jpg> <./npwalk.jpg>] [27 <./autumn.jpg>] <taran
aki.jpg, id=248, 256.96pt x 192.72pt>
File: taranaki.jpg Graphic file (type jpg)

<use taranaki.jpg> <viaduct.jpg, id=249, 256.96pt x 192.72pt>
File: viaduct.jpg Graphic file (type jpg)

<use viaduct.jpg> [28 <./taranaki.jpg> <./viaduct.jpg>]
<tongariro.jpg, id=254, 256.96pt x 192.72pt>
File: tongariro.jpg Graphic file (type jpg)
 <use tongariro.jpg> [29 <./tongariro.jpg>] <zengarden.jpg, id=259, 256.96pt x 
192.72pt>
File: zengarden.jpg Graphic file (type jpg)
 <use zengarden.jpg>
[30 <./zengarden.jpg>] <hamilton.jpg, id=265, 256.96pt x 192.72pt>
File: hamilton.jpg Graphic file (type jpg)

<use hamilton.jpg> <zigis.jpg, id=266, 256.96pt x 192.72pt>
File: zigis.jpg Graphic file (type jpg)
 <use zigis.jpg>
[31 <./hamilton.jpg> <./zigis.jpg>] [32]
<swingingcow.jpg, id=279, 256.96pt x 192.72pt>
File: swingingcow.jpg Graphic file (type jpg)
 <use swingingcow.jpg>
<paihia.jpg, id=280, 256.96pt x 192.72pt>
File: paihia.jpg Graphic file (type jpg)
 <use paihia.jpg> [33 <./swingingcow.jpg>] <russell.jpg, id=285, 192.72pt x 256
.96pt>
File: russell.jpg Graphic file (type jpg)
 <use russell.jpg>
<longbeach.jpg, id=286, 256.96pt x 192.72pt>
File: longbeach.jpg Graphic file (type jpg)
 <use longbeach.jpg> [34 <./paihia.jpg> <./russell.jpg> <./longbeach.jpg>]
<opua.jpg, id=291, 256.96pt x 192.72pt>
File: opua.jpg Graphic file (type jpg)
 <use opua.jpg> [35 <./opua.jpg>]
<waka.jpg, id=296, 192.72pt x 256.96pt>
File: waka.jpg Graphic file (type jpg)
 <use waka.jpg> [36 <./waka.jpg>]
<shags.jpg, id=301, 192.72pt x 256.96pt>
File: shags.jpg Graphic file (type jpg)
 <use shags.jpg>
<sky.jpg, id=302, 192.72pt x 256.96pt>
File: sky.jpg Graphic file (type jpg)
 <use sky.jpg>
<rain.jpg, id=303, 256.96pt x 192.72pt>
File: rain.jpg Graphic file (type jpg)
 <use rain.jpg> [37 <./shags.jpg> <./sky.jpg>] <maildrop.jpg, id=309, 192.72pt 
x 256.96pt>
File: maildrop.jpg Graphic file (type jpg)
 <use maildrop.jpg> [38 <./rain.jpg> <./maildrop.jpg>] <dolphin.jpg, id=315, 25
6.96pt x 192.72pt>
File: dolphin.jpg Graphic file (type jpg)

<use dolphin.jpg> [39 <./dolphin.jpg>] <bus.jpg, id=320, 256.96pt x 192.72pt>
File: bus.jpg Graphic file (type jpg)

<use bus.jpg> [40 <./bus.jpg>] <view.jpg, id=325, 256.96pt x 192.72pt>
File: view.jpg Graphic file (type jpg)

<use view.jpg> [41] <sign.jpg, id=330, 192.72pt x 256.96pt>
File: sign.jpg Graphic file (type jpg)
 <use sign.jpg>
[42 <./view.jpg> <./sign.jpg>] <rangitoto.jpg, id=336, 256.96pt x 192.72pt>
File: rangitoto.jpg Graphic file (type jpg)

<use rangitoto.jpg> <kowhaigrove.jpg, id=337, 256.96pt x 192.72pt>
File: kowhaigrove.jpg Graphic file (type jpg)

<use kowhaigrove.jpg> [43 <./rangitoto.jpg>] [44 <./kowhaigrove.jpg>]
<nzradio.jpg, id=347, 99.37125pt x 68.6565pt>
File: nzradio.jpg Graphic file (type jpg)
 <use nzradio.jpg>
<poster.jpg, id=348, 182.48175pt x 120.32954pt>
File: poster.jpg Graphic file (type jpg)
 <use poster.jpg> [45 <./nzradio.jpg>] [46 <./poster.jpg>] <volcanoes.jpg, id=3
60, 256.96pt x 192.72pt>
File: volcanoes.jpg Graphic file (type jpg)

<use volcanoes.jpg> <crater.jpg, id=361, 192.72pt x 256.96pt>
File: crater.jpg Graphic file (type jpg)
 <use crater.jpg>
<maungakiekie.jpg, id=362, 192.72pt x 256.96pt>
File: maungakiekie.jpg Graphic file (type jpg)
 <use maungakiekie.jpg> [47 <./volcanoes.jpg> <./crater.jpg>] <oneroa.jpg, id=3
67, 256.96pt x 192.72pt>
File: oneroa.jpg Graphic file (type jpg)

<use oneroa.jpg> [48 <./maungakiekie.jpg>]
<light.jpg, id=372, 256.96pt x 192.72pt>
File: light.jpg Graphic file (type jpg)
 <use light.jpg>
<matiatia.jpg, id=373, 256.96pt x 192.72pt>
File: matiatia.jpg Graphic file (type jpg)
 <use matiatia.jpg> [49 <./oneroa.jpg> <./light.jpg>] [50 <./matiatia.jpg>] [51
] [52] (./fdiary.aux) ) 
Here is how much of TeX's memory you used:
 3204 strings out of 94500
 43186 string characters out of 1175772
 93081 words of memory out of 1000000
 6209 multiletter control sequences out of 10000+50000
 34241 words of font info for 75 fonts, out of 500000 for 2000
 580 hyphenation exceptions out of 8191
 27i,6n,36p,218b,215s stack positions out of 1500i,500n,5000p,200000b,5000s
PDF statistics:
 390 PDF objects out of 300000
 73 named destinations out of 131072
 415 words of extra memory for PDF output out of 65536
</usr/share/texmf-tetex/fonts/type1/bluesky/cm/cmr10.pfb
></usr/share/texmf-tetex/fonts/type1/bluesky/cm/cmsy10.pfb></usr/share/texmf-te
tex/fonts/type1/bluesky/cm/cmmi10.pfb></usr/share/texmf-tetex/fonts/type1/blues
ky/cm/cmss12.pfb>{/usr/share/texmf-tetex/fonts/enc/dvips/psnfss/8r.enc}</usr/sh
are/texmf-tetex/fonts/type1/urw/times/utmri8a.pfb></usr/share/texmf-tetex/fonts
/type1/urw/times/utmb8a.pfb></usr/share/texmf-tetex/fonts/type1/urw/times/utmr8
a.pfb>
Output written on fdiary.pdf (52 pages, 3252068 bytes).
